[2025-09-12 12:26:36] development.DEBUG: App was uninstalled from locksmith-testing-store.myshopify.com - removing all sessions  
[2025-09-12 12:29:18] development.DEBUG: Registered APP_UNINSTALLED webhook for shop locksmith-testing-store.myshopify.com  
[2025-09-12 12:38:47] development.ERROR: Shopify\Utils::sanitizeShopDomain(): Argument #1 ($shop) must be of type string, null given, called in /home/webastral/Documents/shopify-app/product-customizer/web/app/Lib/AuthRedirection.php on line 17 {"exception":"[object] (TypeError(code: 0): Shopify\\Utils::sanitizeShopDomain(): Argument #1 ($shop) must be of type string, null given, called in /home/webastral/Documents/shopify-app/product-customizer/web/app/Lib/AuthRedirection.php on line 17 at /home/webastral/Documents/shopify-app/product-customizer/web/vendor/shopify/shopify-api/src/Utils.php:36)
[stacktrace]
#0 /home/webastral/Documents/shopify-app/product-customizer/web/app/Lib/AuthRedirection.php(17): Shopify\\Utils::sanitizeShopDomain()
#1 /home/webastral/Documents/shopify-app/product-customizer/web/app/Http/Middleware/EnsureShopifyInstalled.php(27): App\\Lib\\AuthRedirection::redirect()
#2 /home/webastral/Documents/shopify-app/product-customizer/web/vendor/laravel/framework/src/Illuminate/Pipeline/Pipeline.php(167): App\\Http\\Middleware\\EnsureShopifyInstalled->handle()
#3 /home/webastral/Documents/shopify-app/product-customizer/web/app/Http/Middleware/CspHeader.php(34): Illuminate\\Pipeline\\Pipeline->Illuminate\\Pipeline\\{closure}()
#4 /home/webastral/Documents/shopify-app/product-customizer/web/vendor/laravel/framework/src/Illuminate/Pipeline/Pipeline.php(167): App\\Http\\Middleware\\CspHeader->handle()
#5 /home/webastral/Documents/shopify-app/product-customizer/web/vendor/laravel/framework/src/Illuminate/Routing/Middleware/SubstituteBindings.php(50): Illuminate\\Pipeline\\Pipeline->Illuminate\\Pipeline\\{closure}()
#6 /home/webastral/Documents/shopify-app/product-customizer/web/vendor/laravel/framework/src/Illuminate/Pipeline/Pipeline.php(167): Illuminate\\Routing\\Middleware\\SubstituteBindings->handle()
#7 /home/webastral/Documents/shopify-app/product-customizer/web/vendor/laravel/framework/src/Illuminate/Foundation/Http/Middleware/VerifyCsrfToken.php(78): Illuminate\\Pipeline\\Pipeline->Illuminate\\Pipeline\\{closure}()
#8 /home/webastral/Documents/shopify-app/product-customizer/web/vendor/laravel/framework/src/Illuminate/Pipeline/Pipeline.php(167): Illuminate\\Foundation\\Http\\Middleware\\VerifyCsrfToken->handle()
#9 /home/webastral/Documents/shopify-app/product-customizer/web/vendor/laravel/framework/src/Illuminate/View/Middleware/ShareErrorsFromSession.php(49): Illuminate\\Pipeline\\Pipeline->Illuminate\\Pipeline\\{closure}()
#10 /home/webastral/Documents/shopify-app/product-customizer/web/vendor/laravel/framework/src/Illuminate/Pipeline/Pipeline.php(167): Illuminate\\View\\Middleware\\ShareErrorsFromSession->handle()
#11 /home/webastral/Documents/shopify-app/product-customizer/web/vendor/laravel/framework/src/Illuminate/Session/Middleware/StartSession.php(121): Illuminate\\Pipeline\\Pipeline->Illuminate\\Pipeline\\{closure}()
#12 /home/webastral/Documents/shopify-app/product-customizer/web/vendor/laravel/framework/src/Illuminate/Session/Middleware/StartSession.php(64): Illuminate\\Session\\Middleware\\StartSession->handleStatefulRequest()
#13 /home/webastral/Documents/shopify-app/product-customizer/web/vendor/laravel/framework/src/Illuminate/Pipeline/Pipeline.php(167): Illuminate\\Session\\Middleware\\StartSession->handle()
#14 /home/webastral/Documents/shopify-app/product-customizer/web/vendor/laravel/framework/src/Illuminate/Cookie/Middleware/AddQueuedCookiesToResponse.php(37): Illuminate\\Pipeline\\Pipeline->Illuminate\\Pipeline\\{closure}()
#15 /home/webastral/Documents/shopify-app/product-customizer/web/vendor/laravel/framework/src/Illuminate/Pipeline/Pipeline.php(167): Illuminate\\Cookie\\Middleware\\AddQueuedCookiesToResponse->handle()
#16 /home/webastral/Documents/shopify-app/product-customizer/web/vendor/laravel/framework/src/Illuminate/Cookie/Middleware/EncryptCookies.php(67): Illuminate\\Pipeline\\Pipeline->Illuminate\\Pipeline\\{closure}()
#17 /home/webastral/Documents/shopify-app/product-customizer/web/vendor/laravel/framework/src/Illuminate/Pipeline/Pipeline.php(167): Illuminate\\Cookie\\Middleware\\EncryptCookies->handle()
#18 /home/webastral/Documents/shopify-app/product-customizer/web/vendor/laravel/framework/src/Illuminate/Pipeline/Pipeline.php(103): Illuminate\\Pipeline\\Pipeline->Illuminate\\Pipeline\\{closure}()
#19 /home/webastral/Documents/shopify-app/product-customizer/web/vendor/laravel/framework/src/Illuminate/Routing/Router.php(719): Illuminate\\Pipeline\\Pipeline->then()
#20 /home/webastral/Documents/shopify-app/product-customizer/web/vendor/laravel/framework/src/Illuminate/Routing/Router.php(698): Illuminate\\Routing\\Router->runRouteWithinStack()
#21 /home/webastral/Documents/shopify-app/product-customizer/web/vendor/laravel/framework/src/Illuminate/Routing/Router.php(662): Illuminate\\Routing\\Router->runRoute()
#22 /home/webastral/Documents/shopify-app/product-customizer/web/vendor/laravel/framework/src/Illuminate/Routing/Router.php(651): Illuminate\\Routing\\Router->dispatchToRoute()
#23 /home/webastral/Documents/shopify-app/product-customizer/web/vendor/laravel/framework/src/Illuminate/Foundation/Http/Kernel.php(167): Illuminate\\Routing\\Router->dispatch()
#24 /home/webastral/Documents/shopify-app/product-customizer/web/vendor/laravel/framework/src/Illuminate/Pipeline/Pipeline.php(128): Illuminate\\Foundation\\Http\\Kernel->Illuminate\\Foundation\\Http\\{closure}()
#25 /home/webastral/Documents/shopify-app/product-customizer/web/app/Http/Middleware/AccessControlHeaders.php(24): Illuminate\\Pipeline\\Pipeline->Illuminate\\Pipeline\\{closure}()
#26 /home/webastral/Documents/shopify-app/product-customizer/web/vendor/laravel/framework/src/Illuminate/Pipeline/Pipeline.php(167): App\\Http\\Middleware\\AccessControlHeaders->handle()
#27 /home/webastral/Documents/shopify-app/product-customizer/web/vendor/laravel/framework/src/Illuminate/Foundation/Http/Middleware/TransformsRequest.php(21): Illuminate\\Pipeline\\Pipeline->Illuminate\\Pipeline\\{closure}()
#28 /home/webastral/Documents/shopify-app/product-customizer/web/vendor/laravel/framework/src/Illuminate/Foundation/Http/Middleware/ConvertEmptyStringsToNull.php(31): Illuminate\\Foundation\\Http\\Middleware\\TransformsRequest->handle()
#29 /home/webastral/Documents/shopify-app/product-customizer/web/vendor/laravel/framework/src/Illuminate/Pipeline/Pipeline.php(167): Illuminate\\Foundation\\Http\\Middleware\\ConvertEmptyStringsToNull->handle()
#30 /home/webastral/Documents/shopify-app/product-customizer/web/vendor/laravel/framework/src/Illuminate/Foundation/Http/Middleware/TransformsRequest.php(21): Illuminate\\Pipeline\\Pipeline->Illuminate\\Pipeline\\{closure}()
#31 /home/webastral/Documents/shopify-app/product-customizer/web/vendor/laravel/framework/src/Illuminate/Foundation/Http/Middleware/TrimStrings.php(40): Illuminate\\Foundation\\Http\\Middleware\\TransformsRequest->handle()
#32 /home/webastral/Documents/shopify-app/product-customizer/web/vendor/laravel/framework/src/Illuminate/Pipeline/Pipeline.php(167): Illuminate\\Foundation\\Http\\Middleware\\TrimStrings->handle()
#33 /home/webastral/Documents/shopify-app/product-customizer/web/vendor/laravel/framework/src/Illuminate/Foundation/Http/Middleware/ValidatePostSize.php(27): Illuminate\\Pipeline\\Pipeline->Illuminate\\Pipeline\\{closure}()
#34 /home/webastral/Documents/shopify-app/product-customizer/web/vendor/laravel/framework/src/Illuminate/Pipeline/Pipeline.php(167): Illuminate\\Foundation\\Http\\Middleware\\ValidatePostSize->handle()
#35 /home/webastral/Documents/shopify-app/product-customizer/web/vendor/laravel/framework/src/Illuminate/Foundation/Http/Middleware/PreventRequestsDuringMaintenance.php(86): Illuminate\\Pipeline\\Pipeline->Illuminate\\Pipeline\\{closure}()
#36 /home/webastral/Documents/shopify-app/product-customizer/web/vendor/laravel/framework/src/Illuminate/Pipeline/Pipeline.php(167): Illuminate\\Foundation\\Http\\Middleware\\PreventRequestsDuringMaintenance->handle()
#37 /home/webastral/Documents/shopify-app/product-customizer/web/vendor/fruitcake/laravel-cors/src/HandleCors.php(38): Illuminate\\Pipeline\\Pipeline->Illuminate\\Pipeline\\{closure}()
#38 /home/webastral/Documents/shopify-app/product-customizer/web/vendor/laravel/framework/src/Illuminate/Pipeline/Pipeline.php(167): Fruitcake\\Cors\\HandleCors->handle()
#39 /home/webastral/Documents/shopify-app/product-customizer/web/vendor/fideloper/proxy/src/TrustProxies.php(57): Illuminate\\Pipeline\\Pipeline->Illuminate\\Pipeline\\{closure}()
#40 /home/webastral/Documents/shopify-app/product-customizer/web/vendor/laravel/framework/src/Illuminate/Pipeline/Pipeline.php(167): Fideloper\\Proxy\\TrustProxies->handle()
#41 /home/webastral/Documents/shopify-app/product-customizer/web/vendor/laravel/framework/src/Illuminate/Pipeline/Pipeline.php(103): Illuminate\\Pipeline\\Pipeline->Illuminate\\Pipeline\\{closure}()
#42 /home/webastral/Documents/shopify-app/product-customizer/web/vendor/laravel/framework/src/Illuminate/Foundation/Http/Kernel.php(142): Illuminate\\Pipeline\\Pipeline->then()
#43 /home/webastral/Documents/shopify-app/product-customizer/web/vendor/laravel/framework/src/Illuminate/Foundation/Http/Kernel.php(111): Illuminate\\Foundation\\Http\\Kernel->sendRequestThroughRouter()
#44 /home/webastral/Documents/shopify-app/product-customizer/web/public/index.php(51): Illuminate\\Foundation\\Http\\Kernel->handle()
#45 /home/webastral/Documents/shopify-app/product-customizer/web/server.php(21): require_once('...')
#46 {main}
"} 
[2025-09-16 13:14:43] development.ERROR: Shopify\Utils::sanitizeShopDomain(): Argument #1 ($shop) must be of type string, null given, called in /home/webastral/Documents/shopify-app/product-customizer/web/app/Lib/AuthRedirection.php on line 17 {"exception":"[object] (TypeError(code: 0): Shopify\\Utils::sanitizeShopDomain(): Argument #1 ($shop) must be of type string, null given, called in /home/webastral/Documents/shopify-app/product-customizer/web/app/Lib/AuthRedirection.php on line 17 at /home/webastral/Documents/shopify-app/product-customizer/web/vendor/shopify/shopify-api/src/Utils.php:36)
[stacktrace]
#0 /home/webastral/Documents/shopify-app/product-customizer/web/app/Lib/AuthRedirection.php(17): Shopify\\Utils::sanitizeShopDomain()
#1 /home/webastral/Documents/shopify-app/product-customizer/web/app/Http/Middleware/EnsureShopifyInstalled.php(27): App\\Lib\\AuthRedirection::redirect()
#2 /home/webastral/Documents/shopify-app/product-customizer/web/vendor/laravel/framework/src/Illuminate/Pipeline/Pipeline.php(167): App\\Http\\Middleware\\EnsureShopifyInstalled->handle()
#3 /home/webastral/Documents/shopify-app/product-customizer/web/app/Http/Middleware/CspHeader.php(34): Illuminate\\Pipeline\\Pipeline->Illuminate\\Pipeline\\{closure}()
#4 /home/webastral/Documents/shopify-app/product-customizer/web/vendor/laravel/framework/src/Illuminate/Pipeline/Pipeline.php(167): App\\Http\\Middleware\\CspHeader->handle()
#5 /home/webastral/Documents/shopify-app/product-customizer/web/vendor/laravel/framework/src/Illuminate/Routing/Middleware/SubstituteBindings.php(50): Illuminate\\Pipeline\\Pipeline->Illuminate\\Pipeline\\{closure}()
#6 /home/webastral/Documents/shopify-app/product-customizer/web/vendor/laravel/framework/src/Illuminate/Pipeline/Pipeline.php(167): Illuminate\\Routing\\Middleware\\SubstituteBindings->handle()
#7 /home/webastral/Documents/shopify-app/product-customizer/web/vendor/laravel/framework/src/Illuminate/Foundation/Http/Middleware/VerifyCsrfToken.php(78): Illuminate\\Pipeline\\Pipeline->Illuminate\\Pipeline\\{closure}()
#8 /home/webastral/Documents/shopify-app/product-customizer/web/vendor/laravel/framework/src/Illuminate/Pipeline/Pipeline.php(167): Illuminate\\Foundation\\Http\\Middleware\\VerifyCsrfToken->handle()
#9 /home/webastral/Documents/shopify-app/product-customizer/web/vendor/laravel/framework/src/Illuminate/View/Middleware/ShareErrorsFromSession.php(49): Illuminate\\Pipeline\\Pipeline->Illuminate\\Pipeline\\{closure}()
#10 /home/webastral/Documents/shopify-app/product-customizer/web/vendor/laravel/framework/src/Illuminate/Pipeline/Pipeline.php(167): Illuminate\\View\\Middleware\\ShareErrorsFromSession->handle()
#11 /home/webastral/Documents/shopify-app/product-customizer/web/vendor/laravel/framework/src/Illuminate/Session/Middleware/StartSession.php(121): Illuminate\\Pipeline\\Pipeline->Illuminate\\Pipeline\\{closure}()
#12 /home/webastral/Documents/shopify-app/product-customizer/web/vendor/laravel/framework/src/Illuminate/Session/Middleware/StartSession.php(64): Illuminate\\Session\\Middleware\\StartSession->handleStatefulRequest()
#13 /home/webastral/Documents/shopify-app/product-customizer/web/vendor/laravel/framework/src/Illuminate/Pipeline/Pipeline.php(167): Illuminate\\Session\\Middleware\\StartSession->handle()
#14 /home/webastral/Documents/shopify-app/product-customizer/web/vendor/laravel/framework/src/Illuminate/Cookie/Middleware/AddQueuedCookiesToResponse.php(37): Illuminate\\Pipeline\\Pipeline->Illuminate\\Pipeline\\{closure}()
#15 /home/webastral/Documents/shopify-app/product-customizer/web/vendor/laravel/framework/src/Illuminate/Pipeline/Pipeline.php(167): Illuminate\\Cookie\\Middleware\\AddQueuedCookiesToResponse->handle()
#16 /home/webastral/Documents/shopify-app/product-customizer/web/vendor/laravel/framework/src/Illuminate/Cookie/Middleware/EncryptCookies.php(67): Illuminate\\Pipeline\\Pipeline->Illuminate\\Pipeline\\{closure}()
#17 /home/webastral/Documents/shopify-app/product-customizer/web/vendor/laravel/framework/src/Illuminate/Pipeline/Pipeline.php(167): Illuminate\\Cookie\\Middleware\\EncryptCookies->handle()
#18 /home/webastral/Documents/shopify-app/product-customizer/web/vendor/laravel/framework/src/Illuminate/Pipeline/Pipeline.php(103): Illuminate\\Pipeline\\Pipeline->Illuminate\\Pipeline\\{closure}()
#19 /home/webastral/Documents/shopify-app/product-customizer/web/vendor/laravel/framework/src/Illuminate/Routing/Router.php(719): Illuminate\\Pipeline\\Pipeline->then()
#20 /home/webastral/Documents/shopify-app/product-customizer/web/vendor/laravel/framework/src/Illuminate/Routing/Router.php(698): Illuminate\\Routing\\Router->runRouteWithinStack()
#21 /home/webastral/Documents/shopify-app/product-customizer/web/vendor/laravel/framework/src/Illuminate/Routing/Router.php(662): Illuminate\\Routing\\Router->runRoute()
#22 /home/webastral/Documents/shopify-app/product-customizer/web/vendor/laravel/framework/src/Illuminate/Routing/Router.php(651): Illuminate\\Routing\\Router->dispatchToRoute()
#23 /home/webastral/Documents/shopify-app/product-customizer/web/vendor/laravel/framework/src/Illuminate/Foundation/Http/Kernel.php(167): Illuminate\\Routing\\Router->dispatch()
#24 /home/webastral/Documents/shopify-app/product-customizer/web/vendor/laravel/framework/src/Illuminate/Pipeline/Pipeline.php(128): Illuminate\\Foundation\\Http\\Kernel->Illuminate\\Foundation\\Http\\{closure}()
#25 /home/webastral/Documents/shopify-app/product-customizer/web/app/Http/Middleware/AccessControlHeaders.php(24): Illuminate\\Pipeline\\Pipeline->Illuminate\\Pipeline\\{closure}()
#26 /home/webastral/Documents/shopify-app/product-customizer/web/vendor/laravel/framework/src/Illuminate/Pipeline/Pipeline.php(167): App\\Http\\Middleware\\AccessControlHeaders->handle()
#27 /home/webastral/Documents/shopify-app/product-customizer/web/vendor/laravel/framework/src/Illuminate/Foundation/Http/Middleware/TransformsRequest.php(21): Illuminate\\Pipeline\\Pipeline->Illuminate\\Pipeline\\{closure}()
#28 /home/webastral/Documents/shopify-app/product-customizer/web/vendor/laravel/framework/src/Illuminate/Foundation/Http/Middleware/ConvertEmptyStringsToNull.php(31): Illuminate\\Foundation\\Http\\Middleware\\TransformsRequest->handle()
#29 /home/webastral/Documents/shopify-app/product-customizer/web/vendor/laravel/framework/src/Illuminate/Pipeline/Pipeline.php(167): Illuminate\\Foundation\\Http\\Middleware\\ConvertEmptyStringsToNull->handle()
#30 /home/webastral/Documents/shopify-app/product-customizer/web/vendor/laravel/framework/src/Illuminate/Foundation/Http/Middleware/TransformsRequest.php(21): Illuminate\\Pipeline\\Pipeline->Illuminate\\Pipeline\\{closure}()
#31 /home/webastral/Documents/shopify-app/product-customizer/web/vendor/laravel/framework/src/Illuminate/Foundation/Http/Middleware/TrimStrings.php(40): Illuminate\\Foundation\\Http\\Middleware\\TransformsRequest->handle()
#32 /home/webastral/Documents/shopify-app/product-customizer/web/vendor/laravel/framework/src/Illuminate/Pipeline/Pipeline.php(167): Illuminate\\Foundation\\Http\\Middleware\\TrimStrings->handle()
#33 /home/webastral/Documents/shopify-app/product-customizer/web/vendor/laravel/framework/src/Illuminate/Foundation/Http/Middleware/ValidatePostSize.php(27): Illuminate\\Pipeline\\Pipeline->Illuminate\\Pipeline\\{closure}()
#34 /home/webastral/Documents/shopify-app/product-customizer/web/vendor/laravel/framework/src/Illuminate/Pipeline/Pipeline.php(167): Illuminate\\Foundation\\Http\\Middleware\\ValidatePostSize->handle()
#35 /home/webastral/Documents/shopify-app/product-customizer/web/vendor/laravel/framework/src/Illuminate/Foundation/Http/Middleware/PreventRequestsDuringMaintenance.php(86): Illuminate\\Pipeline\\Pipeline->Illuminate\\Pipeline\\{closure}()
#36 /home/webastral/Documents/shopify-app/product-customizer/web/vendor/laravel/framework/src/Illuminate/Pipeline/Pipeline.php(167): Illuminate\\Foundation\\Http\\Middleware\\PreventRequestsDuringMaintenance->handle()
#37 /home/webastral/Documents/shopify-app/product-customizer/web/vendor/fruitcake/laravel-cors/src/HandleCors.php(38): Illuminate\\Pipeline\\Pipeline->Illuminate\\Pipeline\\{closure}()
#38 /home/webastral/Documents/shopify-app/product-customizer/web/vendor/laravel/framework/src/Illuminate/Pipeline/Pipeline.php(167): Fruitcake\\Cors\\HandleCors->handle()
#39 /home/webastral/Documents/shopify-app/product-customizer/web/vendor/fideloper/proxy/src/TrustProxies.php(57): Illuminate\\Pipeline\\Pipeline->Illuminate\\Pipeline\\{closure}()
#40 /home/webastral/Documents/shopify-app/product-customizer/web/vendor/laravel/framework/src/Illuminate/Pipeline/Pipeline.php(167): Fideloper\\Proxy\\TrustProxies->handle()
#41 /home/webastral/Documents/shopify-app/product-customizer/web/vendor/laravel/framework/src/Illuminate/Pipeline/Pipeline.php(103): Illuminate\\Pipeline\\Pipeline->Illuminate\\Pipeline\\{closure}()
#42 /home/webastral/Documents/shopify-app/product-customizer/web/vendor/laravel/framework/src/Illuminate/Foundation/Http/Kernel.php(142): Illuminate\\Pipeline\\Pipeline->then()
#43 /home/webastral/Documents/shopify-app/product-customizer/web/vendor/laravel/framework/src/Illuminate/Foundation/Http/Kernel.php(111): Illuminate\\Foundation\\Http\\Kernel->sendRequestThroughRouter()
#44 /home/webastral/Documents/shopify-app/product-customizer/web/public/index.php(51): Illuminate\\Foundation\\Http\\Kernel->handle()
#45 /home/webastral/Documents/shopify-app/product-customizer/web/server.php(21): require_once('...')
#46 {main}
"} 
[2025-10-16 17:49:54] development.ERROR: Shopify\Utils::sanitizeShopDomain(): Argument #1 ($shop) must be of type string, null given, called in /home/webastral/Documents/shopify-app/product-customizer/web/app/Lib/AuthRedirection.php on line 17 {"exception":"[object] (TypeError(code: 0): Shopify\\Utils::sanitizeShopDomain(): Argument #1 ($shop) must be of type string, null given, called in /home/webastral/Documents/shopify-app/product-customizer/web/app/Lib/AuthRedirection.php on line 17 at /home/webastral/Documents/shopify-app/product-customizer/web/vendor/shopify/shopify-api/src/Utils.php:36)
[stacktrace]
#0 /home/webastral/Documents/shopify-app/product-customizer/web/app/Lib/AuthRedirection.php(17): Shopify\\Utils::sanitizeShopDomain()
#1 /home/webastral/Documents/shopify-app/product-customizer/web/app/Http/Middleware/EnsureShopifyInstalled.php(27): App\\Lib\\AuthRedirection::redirect()
#2 /home/webastral/Documents/shopify-app/product-customizer/web/vendor/laravel/framework/src/Illuminate/Pipeline/Pipeline.php(167): App\\Http\\Middleware\\EnsureShopifyInstalled->handle()
#3 /home/webastral/Documents/shopify-app/product-customizer/web/app/Http/Middleware/CspHeader.php(34): Illuminate\\Pipeline\\Pipeline->Illuminate\\Pipeline\\{closure}()
#4 /home/webastral/Documents/shopify-app/product-customizer/web/vendor/laravel/framework/src/Illuminate/Pipeline/Pipeline.php(167): App\\Http\\Middleware\\CspHeader->handle()
#5 /home/webastral/Documents/shopify-app/product-customizer/web/vendor/laravel/framework/src/Illuminate/Routing/Middleware/SubstituteBindings.php(50): Illuminate\\Pipeline\\Pipeline->Illuminate\\Pipeline\\{closure}()
#6 /home/webastral/Documents/shopify-app/product-customizer/web/vendor/laravel/framework/src/Illuminate/Pipeline/Pipeline.php(167): Illuminate\\Routing\\Middleware\\SubstituteBindings->handle()
#7 /home/webastral/Documents/shopify-app/product-customizer/web/vendor/laravel/framework/src/Illuminate/Foundation/Http/Middleware/VerifyCsrfToken.php(78): Illuminate\\Pipeline\\Pipeline->Illuminate\\Pipeline\\{closure}()
#8 /home/webastral/Documents/shopify-app/product-customizer/web/vendor/laravel/framework/src/Illuminate/Pipeline/Pipeline.php(167): Illuminate\\Foundation\\Http\\Middleware\\VerifyCsrfToken->handle()
#9 /home/webastral/Documents/shopify-app/product-customizer/web/vendor/laravel/framework/src/Illuminate/View/Middleware/ShareErrorsFromSession.php(49): Illuminate\\Pipeline\\Pipeline->Illuminate\\Pipeline\\{closure}()
#10 /home/webastral/Documents/shopify-app/product-customizer/web/vendor/laravel/framework/src/Illuminate/Pipeline/Pipeline.php(167): Illuminate\\View\\Middleware\\ShareErrorsFromSession->handle()
#11 /home/webastral/Documents/shopify-app/product-customizer/web/vendor/laravel/framework/src/Illuminate/Session/Middleware/StartSession.php(121): Illuminate\\Pipeline\\Pipeline->Illuminate\\Pipeline\\{closure}()
#12 /home/webastral/Documents/shopify-app/product-customizer/web/vendor/laravel/framework/src/Illuminate/Session/Middleware/StartSession.php(64): Illuminate\\Session\\Middleware\\StartSession->handleStatefulRequest()
#13 /home/webastral/Documents/shopify-app/product-customizer/web/vendor/laravel/framework/src/Illuminate/Pipeline/Pipeline.php(167): Illuminate\\Session\\Middleware\\StartSession->handle()
#14 /home/webastral/Documents/shopify-app/product-customizer/web/vendor/laravel/framework/src/Illuminate/Cookie/Middleware/AddQueuedCookiesToResponse.php(37): Illuminate\\Pipeline\\Pipeline->Illuminate\\Pipeline\\{closure}()
#15 /home/webastral/Documents/shopify-app/product-customizer/web/vendor/laravel/framework/src/Illuminate/Pipeline/Pipeline.php(167): Illuminate\\Cookie\\Middleware\\AddQueuedCookiesToResponse->handle()
#16 /home/webastral/Documents/shopify-app/product-customizer/web/vendor/laravel/framework/src/Illuminate/Cookie/Middleware/EncryptCookies.php(67): Illuminate\\Pipeline\\Pipeline->Illuminate\\Pipeline\\{closure}()
#17 /home/webastral/Documents/shopify-app/product-customizer/web/vendor/laravel/framework/src/Illuminate/Pipeline/Pipeline.php(167): Illuminate\\Cookie\\Middleware\\EncryptCookies->handle()
#18 /home/webastral/Documents/shopify-app/product-customizer/web/vendor/laravel/framework/src/Illuminate/Pipeline/Pipeline.php(103): Illuminate\\Pipeline\\Pipeline->Illuminate\\Pipeline\\{closure}()
#19 /home/webastral/Documents/shopify-app/product-customizer/web/vendor/laravel/framework/src/Illuminate/Routing/Router.php(719): Illuminate\\Pipeline\\Pipeline->then()
#20 /home/webastral/Documents/shopify-app/product-customizer/web/vendor/laravel/framework/src/Illuminate/Routing/Router.php(698): Illuminate\\Routing\\Router->runRouteWithinStack()
#21 /home/webastral/Documents/shopify-app/product-customizer/web/vendor/laravel/framework/src/Illuminate/Routing/Router.php(662): Illuminate\\Routing\\Router->runRoute()
#22 /home/webastral/Documents/shopify-app/product-customizer/web/vendor/laravel/framework/src/Illuminate/Routing/Router.php(651): Illuminate\\Routing\\Router->dispatchToRoute()
#23 /home/webastral/Documents/shopify-app/product-customizer/web/vendor/laravel/framework/src/Illuminate/Foundation/Http/Kernel.php(167): Illuminate\\Routing\\Router->dispatch()
#24 /home/webastral/Documents/shopify-app/product-customizer/web/vendor/laravel/framework/src/Illuminate/Pipeline/Pipeline.php(128): Illuminate\\Foundation\\Http\\Kernel->Illuminate\\Foundation\\Http\\{closure}()
#25 /home/webastral/Documents/shopify-app/product-customizer/web/app/Http/Middleware/AccessControlHeaders.php(24): Illuminate\\Pipeline\\Pipeline->Illuminate\\Pipeline\\{closure}()
#26 /home/webastral/Documents/shopify-app/product-customizer/web/vendor/laravel/framework/src/Illuminate/Pipeline/Pipeline.php(167): App\\Http\\Middleware\\AccessControlHeaders->handle()
#27 /home/webastral/Documents/shopify-app/product-customizer/web/vendor/laravel/framework/src/Illuminate/Foundation/Http/Middleware/TransformsRequest.php(21): Illuminate\\Pipeline\\Pipeline->Illuminate\\Pipeline\\{closure}()
#28 /home/webastral/Documents/shopify-app/product-customizer/web/vendor/laravel/framework/src/Illuminate/Foundation/Http/Middleware/ConvertEmptyStringsToNull.php(31): Illuminate\\Foundation\\Http\\Middleware\\TransformsRequest->handle()
#29 /home/webastral/Documents/shopify-app/product-customizer/web/vendor/laravel/framework/src/Illuminate/Pipeline/Pipeline.php(167): Illuminate\\Foundation\\Http\\Middleware\\ConvertEmptyStringsToNull->handle()
#30 /home/webastral/Documents/shopify-app/product-customizer/web/vendor/laravel/framework/src/Illuminate/Foundation/Http/Middleware/TransformsRequest.php(21): Illuminate\\Pipeline\\Pipeline->Illuminate\\Pipeline\\{closure}()
#31 /home/webastral/Documents/shopify-app/product-customizer/web/vendor/laravel/framework/src/Illuminate/Foundation/Http/Middleware/TrimStrings.php(40): Illuminate\\Foundation\\Http\\Middleware\\TransformsRequest->handle()
#32 /home/webastral/Documents/shopify-app/product-customizer/web/vendor/laravel/framework/src/Illuminate/Pipeline/Pipeline.php(167): Illuminate\\Foundation\\Http\\Middleware\\TrimStrings->handle()
#33 /home/webastral/Documents/shopify-app/product-customizer/web/vendor/laravel/framework/src/Illuminate/Foundation/Http/Middleware/ValidatePostSize.php(27): Illuminate\\Pipeline\\Pipeline->Illuminate\\Pipeline\\{closure}()
#34 /home/webastral/Documents/shopify-app/product-customizer/web/vendor/laravel/framework/src/Illuminate/Pipeline/Pipeline.php(167): Illuminate\\Foundation\\Http\\Middleware\\ValidatePostSize->handle()
#35 /home/webastral/Documents/shopify-app/product-customizer/web/vendor/laravel/framework/src/Illuminate/Foundation/Http/Middleware/PreventRequestsDuringMaintenance.php(86): Illuminate\\Pipeline\\Pipeline->Illuminate\\Pipeline\\{closure}()
#36 /home/webastral/Documents/shopify-app/product-customizer/web/vendor/laravel/framework/src/Illuminate/Pipeline/Pipeline.php(167): Illuminate\\Foundation\\Http\\Middleware\\PreventRequestsDuringMaintenance->handle()
#37 /home/webastral/Documents/shopify-app/product-customizer/web/vendor/fruitcake/laravel-cors/src/HandleCors.php(38): Illuminate\\Pipeline\\Pipeline->Illuminate\\Pipeline\\{closure}()
#38 /home/webastral/Documents/shopify-app/product-customizer/web/vendor/laravel/framework/src/Illuminate/Pipeline/Pipeline.php(167): Fruitcake\\Cors\\HandleCors->handle()
#39 /home/webastral/Documents/shopify-app/product-customizer/web/vendor/fideloper/proxy/src/TrustProxies.php(57): Illuminate\\Pipeline\\Pipeline->Illuminate\\Pipeline\\{closure}()
#40 /home/webastral/Documents/shopify-app/product-customizer/web/vendor/laravel/framework/src/Illuminate/Pipeline/Pipeline.php(167): Fideloper\\Proxy\\TrustProxies->handle()
#41 /home/webastral/Documents/shopify-app/product-customizer/web/vendor/laravel/framework/src/Illuminate/Pipeline/Pipeline.php(103): Illuminate\\Pipeline\\Pipeline->Illuminate\\Pipeline\\{closure}()
#42 /home/webastral/Documents/shopify-app/product-customizer/web/vendor/laravel/framework/src/Illuminate/Foundation/Http/Kernel.php(142): Illuminate\\Pipeline\\Pipeline->then()
#43 /home/webastral/Documents/shopify-app/product-customizer/web/vendor/laravel/framework/src/Illuminate/Foundation/Http/Kernel.php(111): Illuminate\\Foundation\\Http\\Kernel->sendRequestThroughRouter()
#44 /home/webastral/Documents/shopify-app/product-customizer/web/public/index.php(51): Illuminate\\Foundation\\Http\\Kernel->handle()
#45 /home/webastral/Documents/shopify-app/product-customizer/web/server.php(21): require_once('...')
#46 {main}
"} 
[2025-10-16 18:56:30] development.ERROR: Shopify\Utils::sanitizeShopDomain(): Argument #1 ($shop) must be of type string, null given, called in /home/webastral/Documents/shopify-app/product-customizer/web/app/Lib/AuthRedirection.php on line 17 {"exception":"[object] (TypeError(code: 0): Shopify\\Utils::sanitizeShopDomain(): Argument #1 ($shop) must be of type string, null given, called in /home/webastral/Documents/shopify-app/product-customizer/web/app/Lib/AuthRedirection.php on line 17 at /home/webastral/Documents/shopify-app/product-customizer/web/vendor/shopify/shopify-api/src/Utils.php:36)
[stacktrace]
#0 /home/webastral/Documents/shopify-app/product-customizer/web/app/Lib/AuthRedirection.php(17): Shopify\\Utils::sanitizeShopDomain()
#1 /home/webastral/Documents/shopify-app/product-customizer/web/app/Http/Middleware/EnsureShopifyInstalled.php(27): App\\Lib\\AuthRedirection::redirect()
#2 /home/webastral/Documents/shopify-app/product-customizer/web/vendor/laravel/framework/src/Illuminate/Pipeline/Pipeline.php(167): App\\Http\\Middleware\\EnsureShopifyInstalled->handle()
#3 /home/webastral/Documents/shopify-app/product-customizer/web/app/Http/Middleware/CspHeader.php(34): Illuminate\\Pipeline\\Pipeline->Illuminate\\Pipeline\\{closure}()
#4 /home/webastral/Documents/shopify-app/product-customizer/web/vendor/laravel/framework/src/Illuminate/Pipeline/Pipeline.php(167): App\\Http\\Middleware\\CspHeader->handle()
#5 /home/webastral/Documents/shopify-app/product-customizer/web/vendor/laravel/framework/src/Illuminate/Routing/Middleware/SubstituteBindings.php(50): Illuminate\\Pipeline\\Pipeline->Illuminate\\Pipeline\\{closure}()
#6 /home/webastral/Documents/shopify-app/product-customizer/web/vendor/laravel/framework/src/Illuminate/Pipeline/Pipeline.php(167): Illuminate\\Routing\\Middleware\\SubstituteBindings->handle()
#7 /home/webastral/Documents/shopify-app/product-customizer/web/vendor/laravel/framework/src/Illuminate/Foundation/Http/Middleware/VerifyCsrfToken.php(78): Illuminate\\Pipeline\\Pipeline->Illuminate\\Pipeline\\{closure}()
#8 /home/webastral/Documents/shopify-app/product-customizer/web/vendor/laravel/framework/src/Illuminate/Pipeline/Pipeline.php(167): Illuminate\\Foundation\\Http\\Middleware\\VerifyCsrfToken->handle()
#9 /home/webastral/Documents/shopify-app/product-customizer/web/vendor/laravel/framework/src/Illuminate/View/Middleware/ShareErrorsFromSession.php(49): Illuminate\\Pipeline\\Pipeline->Illuminate\\Pipeline\\{closure}()
#10 /home/webastral/Documents/shopify-app/product-customizer/web/vendor/laravel/framework/src/Illuminate/Pipeline/Pipeline.php(167): Illuminate\\View\\Middleware\\ShareErrorsFromSession->handle()
#11 /home/webastral/Documents/shopify-app/product-customizer/web/vendor/laravel/framework/src/Illuminate/Session/Middleware/StartSession.php(121): Illuminate\\Pipeline\\Pipeline->Illuminate\\Pipeline\\{closure}()
#12 /home/webastral/Documents/shopify-app/product-customizer/web/vendor/laravel/framework/src/Illuminate/Session/Middleware/StartSession.php(64): Illuminate\\Session\\Middleware\\StartSession->handleStatefulRequest()
#13 /home/webastral/Documents/shopify-app/product-customizer/web/vendor/laravel/framework/src/Illuminate/Pipeline/Pipeline.php(167): Illuminate\\Session\\Middleware\\StartSession->handle()
#14 /home/webastral/Documents/shopify-app/product-customizer/web/vendor/laravel/framework/src/Illuminate/Cookie/Middleware/AddQueuedCookiesToResponse.php(37): Illuminate\\Pipeline\\Pipeline->Illuminate\\Pipeline\\{closure}()
#15 /home/webastral/Documents/shopify-app/product-customizer/web/vendor/laravel/framework/src/Illuminate/Pipeline/Pipeline.php(167): Illuminate\\Cookie\\Middleware\\AddQueuedCookiesToResponse->handle()
#16 /home/webastral/Documents/shopify-app/product-customizer/web/vendor/laravel/framework/src/Illuminate/Cookie/Middleware/EncryptCookies.php(67): Illuminate\\Pipeline\\Pipeline->Illuminate\\Pipeline\\{closure}()
#17 /home/webastral/Documents/shopify-app/product-customizer/web/vendor/laravel/framework/src/Illuminate/Pipeline/Pipeline.php(167): Illuminate\\Cookie\\Middleware\\EncryptCookies->handle()
#18 /home/webastral/Documents/shopify-app/product-customizer/web/vendor/laravel/framework/src/Illuminate/Pipeline/Pipeline.php(103): Illuminate\\Pipeline\\Pipeline->Illuminate\\Pipeline\\{closure}()
#19 /home/webastral/Documents/shopify-app/product-customizer/web/vendor/laravel/framework/src/Illuminate/Routing/Router.php(719): Illuminate\\Pipeline\\Pipeline->then()
#20 /home/webastral/Documents/shopify-app/product-customizer/web/vendor/laravel/framework/src/Illuminate/Routing/Router.php(698): Illuminate\\Routing\\Router->runRouteWithinStack()
#21 /home/webastral/Documents/shopify-app/product-customizer/web/vendor/laravel/framework/src/Illuminate/Routing/Router.php(662): Illuminate\\Routing\\Router->runRoute()
#22 /home/webastral/Documents/shopify-app/product-customizer/web/vendor/laravel/framework/src/Illuminate/Routing/Router.php(651): Illuminate\\Routing\\Router->dispatchToRoute()
#23 /home/webastral/Documents/shopify-app/product-customizer/web/vendor/laravel/framework/src/Illuminate/Foundation/Http/Kernel.php(167): Illuminate\\Routing\\Router->dispatch()
#24 /home/webastral/Documents/shopify-app/product-customizer/web/vendor/laravel/framework/src/Illuminate/Pipeline/Pipeline.php(128): Illuminate\\Foundation\\Http\\Kernel->Illuminate\\Foundation\\Http\\{closure}()
#25 /home/webastral/Documents/shopify-app/product-customizer/web/app/Http/Middleware/AccessControlHeaders.php(24): Illuminate\\Pipeline\\Pipeline->Illuminate\\Pipeline\\{closure}()
#26 /home/webastral/Documents/shopify-app/product-customizer/web/vendor/laravel/framework/src/Illuminate/Pipeline/Pipeline.php(167): App\\Http\\Middleware\\AccessControlHeaders->handle()
#27 /home/webastral/Documents/shopify-app/product-customizer/web/vendor/laravel/framework/src/Illuminate/Foundation/Http/Middleware/TransformsRequest.php(21): Illuminate\\Pipeline\\Pipeline->Illuminate\\Pipeline\\{closure}()
#28 /home/webastral/Documents/shopify-app/product-customizer/web/vendor/laravel/framework/src/Illuminate/Foundation/Http/Middleware/ConvertEmptyStringsToNull.php(31): Illuminate\\Foundation\\Http\\Middleware\\TransformsRequest->handle()
#29 /home/webastral/Documents/shopify-app/product-customizer/web/vendor/laravel/framework/src/Illuminate/Pipeline/Pipeline.php(167): Illuminate\\Foundation\\Http\\Middleware\\ConvertEmptyStringsToNull->handle()
#30 /home/webastral/Documents/shopify-app/product-customizer/web/vendor/laravel/framework/src/Illuminate/Foundation/Http/Middleware/TransformsRequest.php(21): Illuminate\\Pipeline\\Pipeline->Illuminate\\Pipeline\\{closure}()
#31 /home/webastral/Documents/shopify-app/product-customizer/web/vendor/laravel/framework/src/Illuminate/Foundation/Http/Middleware/TrimStrings.php(40): Illuminate\\Foundation\\Http\\Middleware\\TransformsRequest->handle()
#32 /home/webastral/Documents/shopify-app/product-customizer/web/vendor/laravel/framework/src/Illuminate/Pipeline/Pipeline.php(167): Illuminate\\Foundation\\Http\\Middleware\\TrimStrings->handle()
#33 /home/webastral/Documents/shopify-app/product-customizer/web/vendor/laravel/framework/src/Illuminate/Foundation/Http/Middleware/ValidatePostSize.php(27): Illuminate\\Pipeline\\Pipeline->Illuminate\\Pipeline\\{closure}()
#34 /home/webastral/Documents/shopify-app/product-customizer/web/vendor/laravel/framework/src/Illuminate/Pipeline/Pipeline.php(167): Illuminate\\Foundation\\Http\\Middleware\\ValidatePostSize->handle()
#35 /home/webastral/Documents/shopify-app/product-customizer/web/vendor/laravel/framework/src/Illuminate/Foundation/Http/Middleware/PreventRequestsDuringMaintenance.php(86): Illuminate\\Pipeline\\Pipeline->Illuminate\\Pipeline\\{closure}()
#36 /home/webastral/Documents/shopify-app/product-customizer/web/vendor/laravel/framework/src/Illuminate/Pipeline/Pipeline.php(167): Illuminate\\Foundation\\Http\\Middleware\\PreventRequestsDuringMaintenance->handle()
#37 /home/webastral/Documents/shopify-app/product-customizer/web/vendor/fruitcake/laravel-cors/src/HandleCors.php(38): Illuminate\\Pipeline\\Pipeline->Illuminate\\Pipeline\\{closure}()
#38 /home/webastral/Documents/shopify-app/product-customizer/web/vendor/laravel/framework/src/Illuminate/Pipeline/Pipeline.php(167): Fruitcake\\Cors\\HandleCors->handle()
#39 /home/webastral/Documents/shopify-app/product-customizer/web/vendor/fideloper/proxy/src/TrustProxies.php(57): Illuminate\\Pipeline\\Pipeline->Illuminate\\Pipeline\\{closure}()
#40 /home/webastral/Documents/shopify-app/product-customizer/web/vendor/laravel/framework/src/Illuminate/Pipeline/Pipeline.php(167): Fideloper\\Proxy\\TrustProxies->handle()
#41 /home/webastral/Documents/shopify-app/product-customizer/web/vendor/laravel/framework/src/Illuminate/Pipeline/Pipeline.php(103): Illuminate\\Pipeline\\Pipeline->Illuminate\\Pipeline\\{closure}()
#42 /home/webastral/Documents/shopify-app/product-customizer/web/vendor/laravel/framework/src/Illuminate/Foundation/Http/Kernel.php(142): Illuminate\\Pipeline\\Pipeline->then()
#43 /home/webastral/Documents/shopify-app/product-customizer/web/vendor/laravel/framework/src/Illuminate/Foundation/Http/Kernel.php(111): Illuminate\\Foundation\\Http\\Kernel->sendRequestThroughRouter()
#44 /home/webastral/Documents/shopify-app/product-customizer/web/public/index.php(51): Illuminate\\Foundation\\Http\\Kernel->handle()
#45 /home/webastral/Documents/shopify-app/product-customizer/web/server.php(21): require_once('...')
#46 {main}
"} 
[2025-10-16 19:44:57] development.ERROR: Shopify\Utils::sanitizeShopDomain(): Argument #1 ($shop) must be of type string, null given, called in /home/webastral/Documents/shopify-app/product-customizer/web/app/Lib/AuthRedirection.php on line 17 {"exception":"[object] (TypeError(code: 0): Shopify\\Utils::sanitizeShopDomain(): Argument #1 ($shop) must be of type string, null given, called in /home/webastral/Documents/shopify-app/product-customizer/web/app/Lib/AuthRedirection.php on line 17 at /home/webastral/Documents/shopify-app/product-customizer/web/vendor/shopify/shopify-api/src/Utils.php:36)
[stacktrace]
#0 /home/webastral/Documents/shopify-app/product-customizer/web/app/Lib/AuthRedirection.php(17): Shopify\\Utils::sanitizeShopDomain()
#1 /home/webastral/Documents/shopify-app/product-customizer/web/app/Http/Middleware/EnsureShopifyInstalled.php(27): App\\Lib\\AuthRedirection::redirect()
#2 /home/webastral/Documents/shopify-app/product-customizer/web/vendor/laravel/framework/src/Illuminate/Pipeline/Pipeline.php(167): App\\Http\\Middleware\\EnsureShopifyInstalled->handle()
#3 /home/webastral/Documents/shopify-app/product-customizer/web/app/Http/Middleware/CspHeader.php(34): Illuminate\\Pipeline\\Pipeline->Illuminate\\Pipeline\\{closure}()
#4 /home/webastral/Documents/shopify-app/product-customizer/web/vendor/laravel/framework/src/Illuminate/Pipeline/Pipeline.php(167): App\\Http\\Middleware\\CspHeader->handle()
#5 /home/webastral/Documents/shopify-app/product-customizer/web/vendor/laravel/framework/src/Illuminate/Routing/Middleware/SubstituteBindings.php(50): Illuminate\\Pipeline\\Pipeline->Illuminate\\Pipeline\\{closure}()
#6 /home/webastral/Documents/shopify-app/product-customizer/web/vendor/laravel/framework/src/Illuminate/Pipeline/Pipeline.php(167): Illuminate\\Routing\\Middleware\\SubstituteBindings->handle()
#7 /home/webastral/Documents/shopify-app/product-customizer/web/vendor/laravel/framework/src/Illuminate/Foundation/Http/Middleware/VerifyCsrfToken.php(78): Illuminate\\Pipeline\\Pipeline->Illuminate\\Pipeline\\{closure}()
#8 /home/webastral/Documents/shopify-app/product-customizer/web/vendor/laravel/framework/src/Illuminate/Pipeline/Pipeline.php(167): Illuminate\\Foundation\\Http\\Middleware\\VerifyCsrfToken->handle()
#9 /home/webastral/Documents/shopify-app/product-customizer/web/vendor/laravel/framework/src/Illuminate/View/Middleware/ShareErrorsFromSession.php(49): Illuminate\\Pipeline\\Pipeline->Illuminate\\Pipeline\\{closure}()
#10 /home/webastral/Documents/shopify-app/product-customizer/web/vendor/laravel/framework/src/Illuminate/Pipeline/Pipeline.php(167): Illuminate\\View\\Middleware\\ShareErrorsFromSession->handle()
#11 /home/webastral/Documents/shopify-app/product-customizer/web/vendor/laravel/framework/src/Illuminate/Session/Middleware/StartSession.php(121): Illuminate\\Pipeline\\Pipeline->Illuminate\\Pipeline\\{closure}()
#12 /home/webastral/Documents/shopify-app/product-customizer/web/vendor/laravel/framework/src/Illuminate/Session/Middleware/StartSession.php(64): Illuminate\\Session\\Middleware\\StartSession->handleStatefulRequest()
#13 /home/webastral/Documents/shopify-app/product-customizer/web/vendor/laravel/framework/src/Illuminate/Pipeline/Pipeline.php(167): Illuminate\\Session\\Middleware\\StartSession->handle()
#14 /home/webastral/Documents/shopify-app/product-customizer/web/vendor/laravel/framework/src/Illuminate/Cookie/Middleware/AddQueuedCookiesToResponse.php(37): Illuminate\\Pipeline\\Pipeline->Illuminate\\Pipeline\\{closure}()
#15 /home/webastral/Documents/shopify-app/product-customizer/web/vendor/laravel/framework/src/Illuminate/Pipeline/Pipeline.php(167): Illuminate\\Cookie\\Middleware\\AddQueuedCookiesToResponse->handle()
#16 /home/webastral/Documents/shopify-app/product-customizer/web/vendor/laravel/framework/src/Illuminate/Cookie/Middleware/EncryptCookies.php(67): Illuminate\\Pipeline\\Pipeline->Illuminate\\Pipeline\\{closure}()
#17 /home/webastral/Documents/shopify-app/product-customizer/web/vendor/laravel/framework/src/Illuminate/Pipeline/Pipeline.php(167): Illuminate\\Cookie\\Middleware\\EncryptCookies->handle()
#18 /home/webastral/Documents/shopify-app/product-customizer/web/vendor/laravel/framework/src/Illuminate/Pipeline/Pipeline.php(103): Illuminate\\Pipeline\\Pipeline->Illuminate\\Pipeline\\{closure}()
#19 /home/webastral/Documents/shopify-app/product-customizer/web/vendor/laravel/framework/src/Illuminate/Routing/Router.php(719): Illuminate\\Pipeline\\Pipeline->then()
#20 /home/webastral/Documents/shopify-app/product-customizer/web/vendor/laravel/framework/src/Illuminate/Routing/Router.php(698): Illuminate\\Routing\\Router->runRouteWithinStack()
#21 /home/webastral/Documents/shopify-app/product-customizer/web/vendor/laravel/framework/src/Illuminate/Routing/Router.php(662): Illuminate\\Routing\\Router->runRoute()
#22 /home/webastral/Documents/shopify-app/product-customizer/web/vendor/laravel/framework/src/Illuminate/Routing/Router.php(651): Illuminate\\Routing\\Router->dispatchToRoute()
#23 /home/webastral/Documents/shopify-app/product-customizer/web/vendor/laravel/framework/src/Illuminate/Foundation/Http/Kernel.php(167): Illuminate\\Routing\\Router->dispatch()
#24 /home/webastral/Documents/shopify-app/product-customizer/web/vendor/laravel/framework/src/Illuminate/Pipeline/Pipeline.php(128): Illuminate\\Foundation\\Http\\Kernel->Illuminate\\Foundation\\Http\\{closure}()
#25 /home/webastral/Documents/shopify-app/product-customizer/web/app/Http/Middleware/AccessControlHeaders.php(24): Illuminate\\Pipeline\\Pipeline->Illuminate\\Pipeline\\{closure}()
#26 /home/webastral/Documents/shopify-app/product-customizer/web/vendor/laravel/framework/src/Illuminate/Pipeline/Pipeline.php(167): App\\Http\\Middleware\\AccessControlHeaders->handle()
#27 /home/webastral/Documents/shopify-app/product-customizer/web/vendor/laravel/framework/src/Illuminate/Foundation/Http/Middleware/TransformsRequest.php(21): Illuminate\\Pipeline\\Pipeline->Illuminate\\Pipeline\\{closure}()
#28 /home/webastral/Documents/shopify-app/product-customizer/web/vendor/laravel/framework/src/Illuminate/Foundation/Http/Middleware/ConvertEmptyStringsToNull.php(31): Illuminate\\Foundation\\Http\\Middleware\\TransformsRequest->handle()
#29 /home/webastral/Documents/shopify-app/product-customizer/web/vendor/laravel/framework/src/Illuminate/Pipeline/Pipeline.php(167): Illuminate\\Foundation\\Http\\Middleware\\ConvertEmptyStringsToNull->handle()
#30 /home/webastral/Documents/shopify-app/product-customizer/web/vendor/laravel/framework/src/Illuminate/Foundation/Http/Middleware/TransformsRequest.php(21): Illuminate\\Pipeline\\Pipeline->Illuminate\\Pipeline\\{closure}()
#31 /home/webastral/Documents/shopify-app/product-customizer/web/vendor/laravel/framework/src/Illuminate/Foundation/Http/Middleware/TrimStrings.php(40): Illuminate\\Foundation\\Http\\Middleware\\TransformsRequest->handle()
#32 /home/webastral/Documents/shopify-app/product-customizer/web/vendor/laravel/framework/src/Illuminate/Pipeline/Pipeline.php(167): Illuminate\\Foundation\\Http\\Middleware\\TrimStrings->handle()
#33 /home/webastral/Documents/shopify-app/product-customizer/web/vendor/laravel/framework/src/Illuminate/Foundation/Http/Middleware/ValidatePostSize.php(27): Illuminate\\Pipeline\\Pipeline->Illuminate\\Pipeline\\{closure}()
#34 /home/webastral/Documents/shopify-app/product-customizer/web/vendor/laravel/framework/src/Illuminate/Pipeline/Pipeline.php(167): Illuminate\\Foundation\\Http\\Middleware\\ValidatePostSize->handle()
#35 /home/webastral/Documents/shopify-app/product-customizer/web/vendor/laravel/framework/src/Illuminate/Foundation/Http/Middleware/PreventRequestsDuringMaintenance.php(86): Illuminate\\Pipeline\\Pipeline->Illuminate\\Pipeline\\{closure}()
#36 /home/webastral/Documents/shopify-app/product-customizer/web/vendor/laravel/framework/src/Illuminate/Pipeline/Pipeline.php(167): Illuminate\\Foundation\\Http\\Middleware\\PreventRequestsDuringMaintenance->handle()
#37 /home/webastral/Documents/shopify-app/product-customizer/web/vendor/fruitcake/laravel-cors/src/HandleCors.php(38): Illuminate\\Pipeline\\Pipeline->Illuminate\\Pipeline\\{closure}()
#38 /home/webastral/Documents/shopify-app/product-customizer/web/vendor/laravel/framework/src/Illuminate/Pipeline/Pipeline.php(167): Fruitcake\\Cors\\HandleCors->handle()
#39 /home/webastral/Documents/shopify-app/product-customizer/web/vendor/fideloper/proxy/src/TrustProxies.php(57): Illuminate\\Pipeline\\Pipeline->Illuminate\\Pipeline\\{closure}()
#40 /home/webastral/Documents/shopify-app/product-customizer/web/vendor/laravel/framework/src/Illuminate/Pipeline/Pipeline.php(167): Fideloper\\Proxy\\TrustProxies->handle()
#41 /home/webastral/Documents/shopify-app/product-customizer/web/vendor/laravel/framework/src/Illuminate/Pipeline/Pipeline.php(103): Illuminate\\Pipeline\\Pipeline->Illuminate\\Pipeline\\{closure}()
#42 /home/webastral/Documents/shopify-app/product-customizer/web/vendor/laravel/framework/src/Illuminate/Foundation/Http/Kernel.php(142): Illuminate\\Pipeline\\Pipeline->then()
#43 /home/webastral/Documents/shopify-app/product-customizer/web/vendor/laravel/framework/src/Illuminate/Foundation/Http/Kernel.php(111): Illuminate\\Foundation\\Http\\Kernel->sendRequestThroughRouter()
#44 /home/webastral/Documents/shopify-app/product-customizer/web/public/index.php(51): Illuminate\\Foundation\\Http\\Kernel->handle()
#45 /home/webastral/Documents/shopify-app/product-customizer/web/server.php(21): require_once('...')
#46 {main}
"} 
[2025-10-16 20:05:43] development.ERROR: Shopify\Utils::sanitizeShopDomain(): Argument #1 ($shop) must be of type string, null given, called in /home/webastral/Documents/shopify-app/product-customizer/web/app/Lib/AuthRedirection.php on line 17 {"exception":"[object] (TypeError(code: 0): Shopify\\Utils::sanitizeShopDomain(): Argument #1 ($shop) must be of type string, null given, called in /home/webastral/Documents/shopify-app/product-customizer/web/app/Lib/AuthRedirection.php on line 17 at /home/webastral/Documents/shopify-app/product-customizer/web/vendor/shopify/shopify-api/src/Utils.php:36)
[stacktrace]
#0 /home/webastral/Documents/shopify-app/product-customizer/web/app/Lib/AuthRedirection.php(17): Shopify\\Utils::sanitizeShopDomain()
#1 /home/webastral/Documents/shopify-app/product-customizer/web/app/Http/Middleware/EnsureShopifyInstalled.php(27): App\\Lib\\AuthRedirection::redirect()
#2 /home/webastral/Documents/shopify-app/product-customizer/web/vendor/laravel/framework/src/Illuminate/Pipeline/Pipeline.php(167): App\\Http\\Middleware\\EnsureShopifyInstalled->handle()
#3 /home/webastral/Documents/shopify-app/product-customizer/web/app/Http/Middleware/CspHeader.php(34): Illuminate\\Pipeline\\Pipeline->Illuminate\\Pipeline\\{closure}()
#4 /home/webastral/Documents/shopify-app/product-customizer/web/vendor/laravel/framework/src/Illuminate/Pipeline/Pipeline.php(167): App\\Http\\Middleware\\CspHeader->handle()
#5 /home/webastral/Documents/shopify-app/product-customizer/web/vendor/laravel/framework/src/Illuminate/Routing/Middleware/SubstituteBindings.php(50): Illuminate\\Pipeline\\Pipeline->Illuminate\\Pipeline\\{closure}()
#6 /home/webastral/Documents/shopify-app/product-customizer/web/vendor/laravel/framework/src/Illuminate/Pipeline/Pipeline.php(167): Illuminate\\Routing\\Middleware\\SubstituteBindings->handle()
#7 /home/webastral/Documents/shopify-app/product-customizer/web/vendor/laravel/framework/src/Illuminate/Foundation/Http/Middleware/VerifyCsrfToken.php(78): Illuminate\\Pipeline\\Pipeline->Illuminate\\Pipeline\\{closure}()
#8 /home/webastral/Documents/shopify-app/product-customizer/web/vendor/laravel/framework/src/Illuminate/Pipeline/Pipeline.php(167): Illuminate\\Foundation\\Http\\Middleware\\VerifyCsrfToken->handle()
#9 /home/webastral/Documents/shopify-app/product-customizer/web/vendor/laravel/framework/src/Illuminate/View/Middleware/ShareErrorsFromSession.php(49): Illuminate\\Pipeline\\Pipeline->Illuminate\\Pipeline\\{closure}()
#10 /home/webastral/Documents/shopify-app/product-customizer/web/vendor/laravel/framework/src/Illuminate/Pipeline/Pipeline.php(167): Illuminate\\View\\Middleware\\ShareErrorsFromSession->handle()
#11 /home/webastral/Documents/shopify-app/product-customizer/web/vendor/laravel/framework/src/Illuminate/Session/Middleware/StartSession.php(121): Illuminate\\Pipeline\\Pipeline->Illuminate\\Pipeline\\{closure}()
#12 /home/webastral/Documents/shopify-app/product-customizer/web/vendor/laravel/framework/src/Illuminate/Session/Middleware/StartSession.php(64): Illuminate\\Session\\Middleware\\StartSession->handleStatefulRequest()
#13 /home/webastral/Documents/shopify-app/product-customizer/web/vendor/laravel/framework/src/Illuminate/Pipeline/Pipeline.php(167): Illuminate\\Session\\Middleware\\StartSession->handle()
#14 /home/webastral/Documents/shopify-app/product-customizer/web/vendor/laravel/framework/src/Illuminate/Cookie/Middleware/AddQueuedCookiesToResponse.php(37): Illuminate\\Pipeline\\Pipeline->Illuminate\\Pipeline\\{closure}()
#15 /home/webastral/Documents/shopify-app/product-customizer/web/vendor/laravel/framework/src/Illuminate/Pipeline/Pipeline.php(167): Illuminate\\Cookie\\Middleware\\AddQueuedCookiesToResponse->handle()
#16 /home/webastral/Documents/shopify-app/product-customizer/web/vendor/laravel/framework/src/Illuminate/Cookie/Middleware/EncryptCookies.php(67): Illuminate\\Pipeline\\Pipeline->Illuminate\\Pipeline\\{closure}()
#17 /home/webastral/Documents/shopify-app/product-customizer/web/vendor/laravel/framework/src/Illuminate/Pipeline/Pipeline.php(167): Illuminate\\Cookie\\Middleware\\EncryptCookies->handle()
#18 /home/webastral/Documents/shopify-app/product-customizer/web/vendor/laravel/framework/src/Illuminate/Pipeline/Pipeline.php(103): Illuminate\\Pipeline\\Pipeline->Illuminate\\Pipeline\\{closure}()
#19 /home/webastral/Documents/shopify-app/product-customizer/web/vendor/laravel/framework/src/Illuminate/Routing/Router.php(719): Illuminate\\Pipeline\\Pipeline->then()
#20 /home/webastral/Documents/shopify-app/product-customizer/web/vendor/laravel/framework/src/Illuminate/Routing/Router.php(698): Illuminate\\Routing\\Router->runRouteWithinStack()
#21 /home/webastral/Documents/shopify-app/product-customizer/web/vendor/laravel/framework/src/Illuminate/Routing/Router.php(662): Illuminate\\Routing\\Router->runRoute()
#22 /home/webastral/Documents/shopify-app/product-customizer/web/vendor/laravel/framework/src/Illuminate/Routing/Router.php(651): Illuminate\\Routing\\Router->dispatchToRoute()
#23 /home/webastral/Documents/shopify-app/product-customizer/web/vendor/laravel/framework/src/Illuminate/Foundation/Http/Kernel.php(167): Illuminate\\Routing\\Router->dispatch()
#24 /home/webastral/Documents/shopify-app/product-customizer/web/vendor/laravel/framework/src/Illuminate/Pipeline/Pipeline.php(128): Illuminate\\Foundation\\Http\\Kernel->Illuminate\\Foundation\\Http\\{closure}()
#25 /home/webastral/Documents/shopify-app/product-customizer/web/app/Http/Middleware/AccessControlHeaders.php(24): Illuminate\\Pipeline\\Pipeline->Illuminate\\Pipeline\\{closure}()
#26 /home/webastral/Documents/shopify-app/product-customizer/web/vendor/laravel/framework/src/Illuminate/Pipeline/Pipeline.php(167): App\\Http\\Middleware\\AccessControlHeaders->handle()
#27 /home/webastral/Documents/shopify-app/product-customizer/web/vendor/laravel/framework/src/Illuminate/Foundation/Http/Middleware/TransformsRequest.php(21): Illuminate\\Pipeline\\Pipeline->Illuminate\\Pipeline\\{closure}()
#28 /home/webastral/Documents/shopify-app/product-customizer/web/vendor/laravel/framework/src/Illuminate/Foundation/Http/Middleware/ConvertEmptyStringsToNull.php(31): Illuminate\\Foundation\\Http\\Middleware\\TransformsRequest->handle()
#29 /home/webastral/Documents/shopify-app/product-customizer/web/vendor/laravel/framework/src/Illuminate/Pipeline/Pipeline.php(167): Illuminate\\Foundation\\Http\\Middleware\\ConvertEmptyStringsToNull->handle()
#30 /home/webastral/Documents/shopify-app/product-customizer/web/vendor/laravel/framework/src/Illuminate/Foundation/Http/Middleware/TransformsRequest.php(21): Illuminate\\Pipeline\\Pipeline->Illuminate\\Pipeline\\{closure}()
#31 /home/webastral/Documents/shopify-app/product-customizer/web/vendor/laravel/framework/src/Illuminate/Foundation/Http/Middleware/TrimStrings.php(40): Illuminate\\Foundation\\Http\\Middleware\\TransformsRequest->handle()
#32 /home/webastral/Documents/shopify-app/product-customizer/web/vendor/laravel/framework/src/Illuminate/Pipeline/Pipeline.php(167): Illuminate\\Foundation\\Http\\Middleware\\TrimStrings->handle()
#33 /home/webastral/Documents/shopify-app/product-customizer/web/vendor/laravel/framework/src/Illuminate/Foundation/Http/Middleware/ValidatePostSize.php(27): Illuminate\\Pipeline\\Pipeline->Illuminate\\Pipeline\\{closure}()
#34 /home/webastral/Documents/shopify-app/product-customizer/web/vendor/laravel/framework/src/Illuminate/Pipeline/Pipeline.php(167): Illuminate\\Foundation\\Http\\Middleware\\ValidatePostSize->handle()
#35 /home/webastral/Documents/shopify-app/product-customizer/web/vendor/laravel/framework/src/Illuminate/Foundation/Http/Middleware/PreventRequestsDuringMaintenance.php(86): Illuminate\\Pipeline\\Pipeline->Illuminate\\Pipeline\\{closure}()
#36 /home/webastral/Documents/shopify-app/product-customizer/web/vendor/laravel/framework/src/Illuminate/Pipeline/Pipeline.php(167): Illuminate\\Foundation\\Http\\Middleware\\PreventRequestsDuringMaintenance->handle()
#37 /home/webastral/Documents/shopify-app/product-customizer/web/vendor/fruitcake/laravel-cors/src/HandleCors.php(38): Illuminate\\Pipeline\\Pipeline->Illuminate\\Pipeline\\{closure}()
#38 /home/webastral/Documents/shopify-app/product-customizer/web/vendor/laravel/framework/src/Illuminate/Pipeline/Pipeline.php(167): Fruitcake\\Cors\\HandleCors->handle()
#39 /home/webastral/Documents/shopify-app/product-customizer/web/vendor/fideloper/proxy/src/TrustProxies.php(57): Illuminate\\Pipeline\\Pipeline->Illuminate\\Pipeline\\{closure}()
#40 /home/webastral/Documents/shopify-app/product-customizer/web/vendor/laravel/framework/src/Illuminate/Pipeline/Pipeline.php(167): Fideloper\\Proxy\\TrustProxies->handle()
#41 /home/webastral/Documents/shopify-app/product-customizer/web/vendor/laravel/framework/src/Illuminate/Pipeline/Pipeline.php(103): Illuminate\\Pipeline\\Pipeline->Illuminate\\Pipeline\\{closure}()
#42 /home/webastral/Documents/shopify-app/product-customizer/web/vendor/laravel/framework/src/Illuminate/Foundation/Http/Kernel.php(142): Illuminate\\Pipeline\\Pipeline->then()
#43 /home/webastral/Documents/shopify-app/product-customizer/web/vendor/laravel/framework/src/Illuminate/Foundation/Http/Kernel.php(111): Illuminate\\Foundation\\Http\\Kernel->sendRequestThroughRouter()
#44 /home/webastral/Documents/shopify-app/product-customizer/web/public/index.php(51): Illuminate\\Foundation\\Http\\Kernel->handle()
#45 /home/webastral/Documents/shopify-app/product-customizer/web/server.php(21): require_once('...')
#46 {main}
"} 
[2025-10-16 21:08:39] development.ERROR: Shopify\Utils::sanitizeShopDomain(): Argument #1 ($shop) must be of type string, null given, called in /home/webastral/Documents/shopify-app/product-customizer/web/app/Lib/AuthRedirection.php on line 17 {"exception":"[object] (TypeError(code: 0): Shopify\\Utils::sanitizeShopDomain(): Argument #1 ($shop) must be of type string, null given, called in /home/webastral/Documents/shopify-app/product-customizer/web/app/Lib/AuthRedirection.php on line 17 at /home/webastral/Documents/shopify-app/product-customizer/web/vendor/shopify/shopify-api/src/Utils.php:36)
[stacktrace]
#0 /home/webastral/Documents/shopify-app/product-customizer/web/app/Lib/AuthRedirection.php(17): Shopify\\Utils::sanitizeShopDomain()
#1 /home/webastral/Documents/shopify-app/product-customizer/web/app/Http/Middleware/EnsureShopifyInstalled.php(27): App\\Lib\\AuthRedirection::redirect()
#2 /home/webastral/Documents/shopify-app/product-customizer/web/vendor/laravel/framework/src/Illuminate/Pipeline/Pipeline.php(167): App\\Http\\Middleware\\EnsureShopifyInstalled->handle()
#3 /home/webastral/Documents/shopify-app/product-customizer/web/app/Http/Middleware/CspHeader.php(34): Illuminate\\Pipeline\\Pipeline->Illuminate\\Pipeline\\{closure}()
#4 /home/webastral/Documents/shopify-app/product-customizer/web/vendor/laravel/framework/src/Illuminate/Pipeline/Pipeline.php(167): App\\Http\\Middleware\\CspHeader->handle()
#5 /home/webastral/Documents/shopify-app/product-customizer/web/vendor/laravel/framework/src/Illuminate/Routing/Middleware/SubstituteBindings.php(50): Illuminate\\Pipeline\\Pipeline->Illuminate\\Pipeline\\{closure}()
#6 /home/webastral/Documents/shopify-app/product-customizer/web/vendor/laravel/framework/src/Illuminate/Pipeline/Pipeline.php(167): Illuminate\\Routing\\Middleware\\SubstituteBindings->handle()
#7 /home/webastral/Documents/shopify-app/product-customizer/web/vendor/laravel/framework/src/Illuminate/Foundation/Http/Middleware/VerifyCsrfToken.php(78): Illuminate\\Pipeline\\Pipeline->Illuminate\\Pipeline\\{closure}()
#8 /home/webastral/Documents/shopify-app/product-customizer/web/vendor/laravel/framework/src/Illuminate/Pipeline/Pipeline.php(167): Illuminate\\Foundation\\Http\\Middleware\\VerifyCsrfToken->handle()
#9 /home/webastral/Documents/shopify-app/product-customizer/web/vendor/laravel/framework/src/Illuminate/View/Middleware/ShareErrorsFromSession.php(49): Illuminate\\Pipeline\\Pipeline->Illuminate\\Pipeline\\{closure}()
#10 /home/webastral/Documents/shopify-app/product-customizer/web/vendor/laravel/framework/src/Illuminate/Pipeline/Pipeline.php(167): Illuminate\\View\\Middleware\\ShareErrorsFromSession->handle()
#11 /home/webastral/Documents/shopify-app/product-customizer/web/vendor/laravel/framework/src/Illuminate/Session/Middleware/StartSession.php(121): Illuminate\\Pipeline\\Pipeline->Illuminate\\Pipeline\\{closure}()
#12 /home/webastral/Documents/shopify-app/product-customizer/web/vendor/laravel/framework/src/Illuminate/Session/Middleware/StartSession.php(64): Illuminate\\Session\\Middleware\\StartSession->handleStatefulRequest()
#13 /home/webastral/Documents/shopify-app/product-customizer/web/vendor/laravel/framework/src/Illuminate/Pipeline/Pipeline.php(167): Illuminate\\Session\\Middleware\\StartSession->handle()
#14 /home/webastral/Documents/shopify-app/product-customizer/web/vendor/laravel/framework/src/Illuminate/Cookie/Middleware/AddQueuedCookiesToResponse.php(37): Illuminate\\Pipeline\\Pipeline->Illuminate\\Pipeline\\{closure}()
#15 /home/webastral/Documents/shopify-app/product-customizer/web/vendor/laravel/framework/src/Illuminate/Pipeline/Pipeline.php(167): Illuminate\\Cookie\\Middleware\\AddQueuedCookiesToResponse->handle()
#16 /home/webastral/Documents/shopify-app/product-customizer/web/vendor/laravel/framework/src/Illuminate/Cookie/Middleware/EncryptCookies.php(67): Illuminate\\Pipeline\\Pipeline->Illuminate\\Pipeline\\{closure}()
#17 /home/webastral/Documents/shopify-app/product-customizer/web/vendor/laravel/framework/src/Illuminate/Pipeline/Pipeline.php(167): Illuminate\\Cookie\\Middleware\\EncryptCookies->handle()
#18 /home/webastral/Documents/shopify-app/product-customizer/web/vendor/laravel/framework/src/Illuminate/Pipeline/Pipeline.php(103): Illuminate\\Pipeline\\Pipeline->Illuminate\\Pipeline\\{closure}()
#19 /home/webastral/Documents/shopify-app/product-customizer/web/vendor/laravel/framework/src/Illuminate/Routing/Router.php(719): Illuminate\\Pipeline\\Pipeline->then()
#20 /home/webastral/Documents/shopify-app/product-customizer/web/vendor/laravel/framework/src/Illuminate/Routing/Router.php(698): Illuminate\\Routing\\Router->runRouteWithinStack()
#21 /home/webastral/Documents/shopify-app/product-customizer/web/vendor/laravel/framework/src/Illuminate/Routing/Router.php(662): Illuminate\\Routing\\Router->runRoute()
#22 /home/webastral/Documents/shopify-app/product-customizer/web/vendor/laravel/framework/src/Illuminate/Routing/Router.php(651): Illuminate\\Routing\\Router->dispatchToRoute()
#23 /home/webastral/Documents/shopify-app/product-customizer/web/vendor/laravel/framework/src/Illuminate/Foundation/Http/Kernel.php(167): Illuminate\\Routing\\Router->dispatch()
#24 /home/webastral/Documents/shopify-app/product-customizer/web/vendor/laravel/framework/src/Illuminate/Pipeline/Pipeline.php(128): Illuminate\\Foundation\\Http\\Kernel->Illuminate\\Foundation\\Http\\{closure}()
#25 /home/webastral/Documents/shopify-app/product-customizer/web/app/Http/Middleware/AccessControlHeaders.php(24): Illuminate\\Pipeline\\Pipeline->Illuminate\\Pipeline\\{closure}()
#26 /home/webastral/Documents/shopify-app/product-customizer/web/vendor/laravel/framework/src/Illuminate/Pipeline/Pipeline.php(167): App\\Http\\Middleware\\AccessControlHeaders->handle()
#27 /home/webastral/Documents/shopify-app/product-customizer/web/vendor/laravel/framework/src/Illuminate/Foundation/Http/Middleware/TransformsRequest.php(21): Illuminate\\Pipeline\\Pipeline->Illuminate\\Pipeline\\{closure}()
#28 /home/webastral/Documents/shopify-app/product-customizer/web/vendor/laravel/framework/src/Illuminate/Foundation/Http/Middleware/ConvertEmptyStringsToNull.php(31): Illuminate\\Foundation\\Http\\Middleware\\TransformsRequest->handle()
#29 /home/webastral/Documents/shopify-app/product-customizer/web/vendor/laravel/framework/src/Illuminate/Pipeline/Pipeline.php(167): Illuminate\\Foundation\\Http\\Middleware\\ConvertEmptyStringsToNull->handle()
#30 /home/webastral/Documents/shopify-app/product-customizer/web/vendor/laravel/framework/src/Illuminate/Foundation/Http/Middleware/TransformsRequest.php(21): Illuminate\\Pipeline\\Pipeline->Illuminate\\Pipeline\\{closure}()
#31 /home/webastral/Documents/shopify-app/product-customizer/web/vendor/laravel/framework/src/Illuminate/Foundation/Http/Middleware/TrimStrings.php(40): Illuminate\\Foundation\\Http\\Middleware\\TransformsRequest->handle()
#32 /home/webastral/Documents/shopify-app/product-customizer/web/vendor/laravel/framework/src/Illuminate/Pipeline/Pipeline.php(167): Illuminate\\Foundation\\Http\\Middleware\\TrimStrings->handle()
#33 /home/webastral/Documents/shopify-app/product-customizer/web/vendor/laravel/framework/src/Illuminate/Foundation/Http/Middleware/ValidatePostSize.php(27): Illuminate\\Pipeline\\Pipeline->Illuminate\\Pipeline\\{closure}()
#34 /home/webastral/Documents/shopify-app/product-customizer/web/vendor/laravel/framework/src/Illuminate/Pipeline/Pipeline.php(167): Illuminate\\Foundation\\Http\\Middleware\\ValidatePostSize->handle()
#35 /home/webastral/Documents/shopify-app/product-customizer/web/vendor/laravel/framework/src/Illuminate/Foundation/Http/Middleware/PreventRequestsDuringMaintenance.php(86): Illuminate\\Pipeline\\Pipeline->Illuminate\\Pipeline\\{closure}()
#36 /home/webastral/Documents/shopify-app/product-customizer/web/vendor/laravel/framework/src/Illuminate/Pipeline/Pipeline.php(167): Illuminate\\Foundation\\Http\\Middleware\\PreventRequestsDuringMaintenance->handle()
#37 /home/webastral/Documents/shopify-app/product-customizer/web/vendor/fruitcake/laravel-cors/src/HandleCors.php(38): Illuminate\\Pipeline\\Pipeline->Illuminate\\Pipeline\\{closure}()
#38 /home/webastral/Documents/shopify-app/product-customizer/web/vendor/laravel/framework/src/Illuminate/Pipeline/Pipeline.php(167): Fruitcake\\Cors\\HandleCors->handle()
#39 /home/webastral/Documents/shopify-app/product-customizer/web/vendor/fideloper/proxy/src/TrustProxies.php(57): Illuminate\\Pipeline\\Pipeline->Illuminate\\Pipeline\\{closure}()
#40 /home/webastral/Documents/shopify-app/product-customizer/web/vendor/laravel/framework/src/Illuminate/Pipeline/Pipeline.php(167): Fideloper\\Proxy\\TrustProxies->handle()
#41 /home/webastral/Documents/shopify-app/product-customizer/web/vendor/laravel/framework/src/Illuminate/Pipeline/Pipeline.php(103): Illuminate\\Pipeline\\Pipeline->Illuminate\\Pipeline\\{closure}()
#42 /home/webastral/Documents/shopify-app/product-customizer/web/vendor/laravel/framework/src/Illuminate/Foundation/Http/Kernel.php(142): Illuminate\\Pipeline\\Pipeline->then()
#43 /home/webastral/Documents/shopify-app/product-customizer/web/vendor/laravel/framework/src/Illuminate/Foundation/Http/Kernel.php(111): Illuminate\\Foundation\\Http\\Kernel->sendRequestThroughRouter()
#44 /home/webastral/Documents/shopify-app/product-customizer/web/public/index.php(51): Illuminate\\Foundation\\Http\\Kernel->handle()
#45 /home/webastral/Documents/shopify-app/product-customizer/web/server.php(21): require_once('...')
#46 {main}
"} 
[2025-10-16 21:55:55] development.ERROR: Shopify\Utils::sanitizeShopDomain(): Argument #1 ($shop) must be of type string, null given, called in /home/webastral/Documents/shopify-app/product-customizer/web/app/Lib/AuthRedirection.php on line 17 {"exception":"[object] (TypeError(code: 0): Shopify\\Utils::sanitizeShopDomain(): Argument #1 ($shop) must be of type string, null given, called in /home/webastral/Documents/shopify-app/product-customizer/web/app/Lib/AuthRedirection.php on line 17 at /home/webastral/Documents/shopify-app/product-customizer/web/vendor/shopify/shopify-api/src/Utils.php:36)
[stacktrace]
#0 /home/webastral/Documents/shopify-app/product-customizer/web/app/Lib/AuthRedirection.php(17): Shopify\\Utils::sanitizeShopDomain()
#1 /home/webastral/Documents/shopify-app/product-customizer/web/app/Http/Middleware/EnsureShopifyInstalled.php(27): App\\Lib\\AuthRedirection::redirect()
#2 /home/webastral/Documents/shopify-app/product-customizer/web/vendor/laravel/framework/src/Illuminate/Pipeline/Pipeline.php(167): App\\Http\\Middleware\\EnsureShopifyInstalled->handle()
#3 /home/webastral/Documents/shopify-app/product-customizer/web/app/Http/Middleware/CspHeader.php(34): Illuminate\\Pipeline\\Pipeline->Illuminate\\Pipeline\\{closure}()
#4 /home/webastral/Documents/shopify-app/product-customizer/web/vendor/laravel/framework/src/Illuminate/Pipeline/Pipeline.php(167): App\\Http\\Middleware\\CspHeader->handle()
#5 /home/webastral/Documents/shopify-app/product-customizer/web/vendor/laravel/framework/src/Illuminate/Routing/Middleware/SubstituteBindings.php(50): Illuminate\\Pipeline\\Pipeline->Illuminate\\Pipeline\\{closure}()
#6 /home/webastral/Documents/shopify-app/product-customizer/web/vendor/laravel/framework/src/Illuminate/Pipeline/Pipeline.php(167): Illuminate\\Routing\\Middleware\\SubstituteBindings->handle()
#7 /home/webastral/Documents/shopify-app/product-customizer/web/vendor/laravel/framework/src/Illuminate/Foundation/Http/Middleware/VerifyCsrfToken.php(78): Illuminate\\Pipeline\\Pipeline->Illuminate\\Pipeline\\{closure}()
#8 /home/webastral/Documents/shopify-app/product-customizer/web/vendor/laravel/framework/src/Illuminate/Pipeline/Pipeline.php(167): Illuminate\\Foundation\\Http\\Middleware\\VerifyCsrfToken->handle()
#9 /home/webastral/Documents/shopify-app/product-customizer/web/vendor/laravel/framework/src/Illuminate/View/Middleware/ShareErrorsFromSession.php(49): Illuminate\\Pipeline\\Pipeline->Illuminate\\Pipeline\\{closure}()
#10 /home/webastral/Documents/shopify-app/product-customizer/web/vendor/laravel/framework/src/Illuminate/Pipeline/Pipeline.php(167): Illuminate\\View\\Middleware\\ShareErrorsFromSession->handle()
#11 /home/webastral/Documents/shopify-app/product-customizer/web/vendor/laravel/framework/src/Illuminate/Session/Middleware/StartSession.php(121): Illuminate\\Pipeline\\Pipeline->Illuminate\\Pipeline\\{closure}()
#12 /home/webastral/Documents/shopify-app/product-customizer/web/vendor/laravel/framework/src/Illuminate/Session/Middleware/StartSession.php(64): Illuminate\\Session\\Middleware\\StartSession->handleStatefulRequest()
#13 /home/webastral/Documents/shopify-app/product-customizer/web/vendor/laravel/framework/src/Illuminate/Pipeline/Pipeline.php(167): Illuminate\\Session\\Middleware\\StartSession->handle()
#14 /home/webastral/Documents/shopify-app/product-customizer/web/vendor/laravel/framework/src/Illuminate/Cookie/Middleware/AddQueuedCookiesToResponse.php(37): Illuminate\\Pipeline\\Pipeline->Illuminate\\Pipeline\\{closure}()
#15 /home/webastral/Documents/shopify-app/product-customizer/web/vendor/laravel/framework/src/Illuminate/Pipeline/Pipeline.php(167): Illuminate\\Cookie\\Middleware\\AddQueuedCookiesToResponse->handle()
#16 /home/webastral/Documents/shopify-app/product-customizer/web/vendor/laravel/framework/src/Illuminate/Cookie/Middleware/EncryptCookies.php(67): Illuminate\\Pipeline\\Pipeline->Illuminate\\Pipeline\\{closure}()
#17 /home/webastral/Documents/shopify-app/product-customizer/web/vendor/laravel/framework/src/Illuminate/Pipeline/Pipeline.php(167): Illuminate\\Cookie\\Middleware\\EncryptCookies->handle()
#18 /home/webastral/Documents/shopify-app/product-customizer/web/vendor/laravel/framework/src/Illuminate/Pipeline/Pipeline.php(103): Illuminate\\Pipeline\\Pipeline->Illuminate\\Pipeline\\{closure}()
#19 /home/webastral/Documents/shopify-app/product-customizer/web/vendor/laravel/framework/src/Illuminate/Routing/Router.php(719): Illuminate\\Pipeline\\Pipeline->then()
#20 /home/webastral/Documents/shopify-app/product-customizer/web/vendor/laravel/framework/src/Illuminate/Routing/Router.php(698): Illuminate\\Routing\\Router->runRouteWithinStack()
#21 /home/webastral/Documents/shopify-app/product-customizer/web/vendor/laravel/framework/src/Illuminate/Routing/Router.php(662): Illuminate\\Routing\\Router->runRoute()
#22 /home/webastral/Documents/shopify-app/product-customizer/web/vendor/laravel/framework/src/Illuminate/Routing/Router.php(651): Illuminate\\Routing\\Router->dispatchToRoute()
#23 /home/webastral/Documents/shopify-app/product-customizer/web/vendor/laravel/framework/src/Illuminate/Foundation/Http/Kernel.php(167): Illuminate\\Routing\\Router->dispatch()
#24 /home/webastral/Documents/shopify-app/product-customizer/web/vendor/laravel/framework/src/Illuminate/Pipeline/Pipeline.php(128): Illuminate\\Foundation\\Http\\Kernel->Illuminate\\Foundation\\Http\\{closure}()
#25 /home/webastral/Documents/shopify-app/product-customizer/web/app/Http/Middleware/AccessControlHeaders.php(24): Illuminate\\Pipeline\\Pipeline->Illuminate\\Pipeline\\{closure}()
#26 /home/webastral/Documents/shopify-app/product-customizer/web/vendor/laravel/framework/src/Illuminate/Pipeline/Pipeline.php(167): App\\Http\\Middleware\\AccessControlHeaders->handle()
#27 /home/webastral/Documents/shopify-app/product-customizer/web/vendor/laravel/framework/src/Illuminate/Foundation/Http/Middleware/TransformsRequest.php(21): Illuminate\\Pipeline\\Pipeline->Illuminate\\Pipeline\\{closure}()
#28 /home/webastral/Documents/shopify-app/product-customizer/web/vendor/laravel/framework/src/Illuminate/Foundation/Http/Middleware/ConvertEmptyStringsToNull.php(31): Illuminate\\Foundation\\Http\\Middleware\\TransformsRequest->handle()
#29 /home/webastral/Documents/shopify-app/product-customizer/web/vendor/laravel/framework/src/Illuminate/Pipeline/Pipeline.php(167): Illuminate\\Foundation\\Http\\Middleware\\ConvertEmptyStringsToNull->handle()
#30 /home/webastral/Documents/shopify-app/product-customizer/web/vendor/laravel/framework/src/Illuminate/Foundation/Http/Middleware/TransformsRequest.php(21): Illuminate\\Pipeline\\Pipeline->Illuminate\\Pipeline\\{closure}()
#31 /home/webastral/Documents/shopify-app/product-customizer/web/vendor/laravel/framework/src/Illuminate/Foundation/Http/Middleware/TrimStrings.php(40): Illuminate\\Foundation\\Http\\Middleware\\TransformsRequest->handle()
#32 /home/webastral/Documents/shopify-app/product-customizer/web/vendor/laravel/framework/src/Illuminate/Pipeline/Pipeline.php(167): Illuminate\\Foundation\\Http\\Middleware\\TrimStrings->handle()
#33 /home/webastral/Documents/shopify-app/product-customizer/web/vendor/laravel/framework/src/Illuminate/Foundation/Http/Middleware/ValidatePostSize.php(27): Illuminate\\Pipeline\\Pipeline->Illuminate\\Pipeline\\{closure}()
#34 /home/webastral/Documents/shopify-app/product-customizer/web/vendor/laravel/framework/src/Illuminate/Pipeline/Pipeline.php(167): Illuminate\\Foundation\\Http\\Middleware\\ValidatePostSize->handle()
#35 /home/webastral/Documents/shopify-app/product-customizer/web/vendor/laravel/framework/src/Illuminate/Foundation/Http/Middleware/PreventRequestsDuringMaintenance.php(86): Illuminate\\Pipeline\\Pipeline->Illuminate\\Pipeline\\{closure}()
#36 /home/webastral/Documents/shopify-app/product-customizer/web/vendor/laravel/framework/src/Illuminate/Pipeline/Pipeline.php(167): Illuminate\\Foundation\\Http\\Middleware\\PreventRequestsDuringMaintenance->handle()
#37 /home/webastral/Documents/shopify-app/product-customizer/web/vendor/fruitcake/laravel-cors/src/HandleCors.php(38): Illuminate\\Pipeline\\Pipeline->Illuminate\\Pipeline\\{closure}()
#38 /home/webastral/Documents/shopify-app/product-customizer/web/vendor/laravel/framework/src/Illuminate/Pipeline/Pipeline.php(167): Fruitcake\\Cors\\HandleCors->handle()
#39 /home/webastral/Documents/shopify-app/product-customizer/web/vendor/fideloper/proxy/src/TrustProxies.php(57): Illuminate\\Pipeline\\Pipeline->Illuminate\\Pipeline\\{closure}()
#40 /home/webastral/Documents/shopify-app/product-customizer/web/vendor/laravel/framework/src/Illuminate/Pipeline/Pipeline.php(167): Fideloper\\Proxy\\TrustProxies->handle()
#41 /home/webastral/Documents/shopify-app/product-customizer/web/vendor/laravel/framework/src/Illuminate/Pipeline/Pipeline.php(103): Illuminate\\Pipeline\\Pipeline->Illuminate\\Pipeline\\{closure}()
#42 /home/webastral/Documents/shopify-app/product-customizer/web/vendor/laravel/framework/src/Illuminate/Foundation/Http/Kernel.php(142): Illuminate\\Pipeline\\Pipeline->then()
#43 /home/webastral/Documents/shopify-app/product-customizer/web/vendor/laravel/framework/src/Illuminate/Foundation/Http/Kernel.php(111): Illuminate\\Foundation\\Http\\Kernel->sendRequestThroughRouter()
#44 /home/webastral/Documents/shopify-app/product-customizer/web/public/index.php(51): Illuminate\\Foundation\\Http\\Kernel->handle()
#45 /home/webastral/Documents/shopify-app/product-customizer/web/server.php(21): require_once('...')
#46 {main}
"} 
[2025-10-16 22:29:20] development.ERROR: Shopify\Utils::sanitizeShopDomain(): Argument #1 ($shop) must be of type string, null given, called in /home/webastral/Documents/shopify-app/product-customizer/web/app/Lib/AuthRedirection.php on line 17 {"exception":"[object] (TypeError(code: 0): Shopify\\Utils::sanitizeShopDomain(): Argument #1 ($shop) must be of type string, null given, called in /home/webastral/Documents/shopify-app/product-customizer/web/app/Lib/AuthRedirection.php on line 17 at /home/webastral/Documents/shopify-app/product-customizer/web/vendor/shopify/shopify-api/src/Utils.php:36)
[stacktrace]
#0 /home/webastral/Documents/shopify-app/product-customizer/web/app/Lib/AuthRedirection.php(17): Shopify\\Utils::sanitizeShopDomain()
#1 /home/webastral/Documents/shopify-app/product-customizer/web/app/Http/Middleware/EnsureShopifyInstalled.php(27): App\\Lib\\AuthRedirection::redirect()
#2 /home/webastral/Documents/shopify-app/product-customizer/web/vendor/laravel/framework/src/Illuminate/Pipeline/Pipeline.php(167): App\\Http\\Middleware\\EnsureShopifyInstalled->handle()
#3 /home/webastral/Documents/shopify-app/product-customizer/web/app/Http/Middleware/CspHeader.php(34): Illuminate\\Pipeline\\Pipeline->Illuminate\\Pipeline\\{closure}()
#4 /home/webastral/Documents/shopify-app/product-customizer/web/vendor/laravel/framework/src/Illuminate/Pipeline/Pipeline.php(167): App\\Http\\Middleware\\CspHeader->handle()
#5 /home/webastral/Documents/shopify-app/product-customizer/web/vendor/laravel/framework/src/Illuminate/Routing/Middleware/SubstituteBindings.php(50): Illuminate\\Pipeline\\Pipeline->Illuminate\\Pipeline\\{closure}()
#6 /home/webastral/Documents/shopify-app/product-customizer/web/vendor/laravel/framework/src/Illuminate/Pipeline/Pipeline.php(167): Illuminate\\Routing\\Middleware\\SubstituteBindings->handle()
#7 /home/webastral/Documents/shopify-app/product-customizer/web/vendor/laravel/framework/src/Illuminate/Foundation/Http/Middleware/VerifyCsrfToken.php(78): Illuminate\\Pipeline\\Pipeline->Illuminate\\Pipeline\\{closure}()
#8 /home/webastral/Documents/shopify-app/product-customizer/web/vendor/laravel/framework/src/Illuminate/Pipeline/Pipeline.php(167): Illuminate\\Foundation\\Http\\Middleware\\VerifyCsrfToken->handle()
#9 /home/webastral/Documents/shopify-app/product-customizer/web/vendor/laravel/framework/src/Illuminate/View/Middleware/ShareErrorsFromSession.php(49): Illuminate\\Pipeline\\Pipeline->Illuminate\\Pipeline\\{closure}()
#10 /home/webastral/Documents/shopify-app/product-customizer/web/vendor/laravel/framework/src/Illuminate/Pipeline/Pipeline.php(167): Illuminate\\View\\Middleware\\ShareErrorsFromSession->handle()
#11 /home/webastral/Documents/shopify-app/product-customizer/web/vendor/laravel/framework/src/Illuminate/Session/Middleware/StartSession.php(121): Illuminate\\Pipeline\\Pipeline->Illuminate\\Pipeline\\{closure}()
#12 /home/webastral/Documents/shopify-app/product-customizer/web/vendor/laravel/framework/src/Illuminate/Session/Middleware/StartSession.php(64): Illuminate\\Session\\Middleware\\StartSession->handleStatefulRequest()
#13 /home/webastral/Documents/shopify-app/product-customizer/web/vendor/laravel/framework/src/Illuminate/Pipeline/Pipeline.php(167): Illuminate\\Session\\Middleware\\StartSession->handle()
#14 /home/webastral/Documents/shopify-app/product-customizer/web/vendor/laravel/framework/src/Illuminate/Cookie/Middleware/AddQueuedCookiesToResponse.php(37): Illuminate\\Pipeline\\Pipeline->Illuminate\\Pipeline\\{closure}()
#15 /home/webastral/Documents/shopify-app/product-customizer/web/vendor/laravel/framework/src/Illuminate/Pipeline/Pipeline.php(167): Illuminate\\Cookie\\Middleware\\AddQueuedCookiesToResponse->handle()
#16 /home/webastral/Documents/shopify-app/product-customizer/web/vendor/laravel/framework/src/Illuminate/Cookie/Middleware/EncryptCookies.php(67): Illuminate\\Pipeline\\Pipeline->Illuminate\\Pipeline\\{closure}()
#17 /home/webastral/Documents/shopify-app/product-customizer/web/vendor/laravel/framework/src/Illuminate/Pipeline/Pipeline.php(167): Illuminate\\Cookie\\Middleware\\EncryptCookies->handle()
#18 /home/webastral/Documents/shopify-app/product-customizer/web/vendor/laravel/framework/src/Illuminate/Pipeline/Pipeline.php(103): Illuminate\\Pipeline\\Pipeline->Illuminate\\Pipeline\\{closure}()
#19 /home/webastral/Documents/shopify-app/product-customizer/web/vendor/laravel/framework/src/Illuminate/Routing/Router.php(719): Illuminate\\Pipeline\\Pipeline->then()
#20 /home/webastral/Documents/shopify-app/product-customizer/web/vendor/laravel/framework/src/Illuminate/Routing/Router.php(698): Illuminate\\Routing\\Router->runRouteWithinStack()
#21 /home/webastral/Documents/shopify-app/product-customizer/web/vendor/laravel/framework/src/Illuminate/Routing/Router.php(662): Illuminate\\Routing\\Router->runRoute()
#22 /home/webastral/Documents/shopify-app/product-customizer/web/vendor/laravel/framework/src/Illuminate/Routing/Router.php(651): Illuminate\\Routing\\Router->dispatchToRoute()
#23 /home/webastral/Documents/shopify-app/product-customizer/web/vendor/laravel/framework/src/Illuminate/Foundation/Http/Kernel.php(167): Illuminate\\Routing\\Router->dispatch()
#24 /home/webastral/Documents/shopify-app/product-customizer/web/vendor/laravel/framework/src/Illuminate/Pipeline/Pipeline.php(128): Illuminate\\Foundation\\Http\\Kernel->Illuminate\\Foundation\\Http\\{closure}()
#25 /home/webastral/Documents/shopify-app/product-customizer/web/app/Http/Middleware/AccessControlHeaders.php(24): Illuminate\\Pipeline\\Pipeline->Illuminate\\Pipeline\\{closure}()
#26 /home/webastral/Documents/shopify-app/product-customizer/web/vendor/laravel/framework/src/Illuminate/Pipeline/Pipeline.php(167): App\\Http\\Middleware\\AccessControlHeaders->handle()
#27 /home/webastral/Documents/shopify-app/product-customizer/web/vendor/laravel/framework/src/Illuminate/Foundation/Http/Middleware/TransformsRequest.php(21): Illuminate\\Pipeline\\Pipeline->Illuminate\\Pipeline\\{closure}()
#28 /home/webastral/Documents/shopify-app/product-customizer/web/vendor/laravel/framework/src/Illuminate/Foundation/Http/Middleware/ConvertEmptyStringsToNull.php(31): Illuminate\\Foundation\\Http\\Middleware\\TransformsRequest->handle()
#29 /home/webastral/Documents/shopify-app/product-customizer/web/vendor/laravel/framework/src/Illuminate/Pipeline/Pipeline.php(167): Illuminate\\Foundation\\Http\\Middleware\\ConvertEmptyStringsToNull->handle()
#30 /home/webastral/Documents/shopify-app/product-customizer/web/vendor/laravel/framework/src/Illuminate/Foundation/Http/Middleware/TransformsRequest.php(21): Illuminate\\Pipeline\\Pipeline->Illuminate\\Pipeline\\{closure}()
#31 /home/webastral/Documents/shopify-app/product-customizer/web/vendor/laravel/framework/src/Illuminate/Foundation/Http/Middleware/TrimStrings.php(40): Illuminate\\Foundation\\Http\\Middleware\\TransformsRequest->handle()
#32 /home/webastral/Documents/shopify-app/product-customizer/web/vendor/laravel/framework/src/Illuminate/Pipeline/Pipeline.php(167): Illuminate\\Foundation\\Http\\Middleware\\TrimStrings->handle()
#33 /home/webastral/Documents/shopify-app/product-customizer/web/vendor/laravel/framework/src/Illuminate/Foundation/Http/Middleware/ValidatePostSize.php(27): Illuminate\\Pipeline\\Pipeline->Illuminate\\Pipeline\\{closure}()
#34 /home/webastral/Documents/shopify-app/product-customizer/web/vendor/laravel/framework/src/Illuminate/Pipeline/Pipeline.php(167): Illuminate\\Foundation\\Http\\Middleware\\ValidatePostSize->handle()
#35 /home/webastral/Documents/shopify-app/product-customizer/web/vendor/laravel/framework/src/Illuminate/Foundation/Http/Middleware/PreventRequestsDuringMaintenance.php(86): Illuminate\\Pipeline\\Pipeline->Illuminate\\Pipeline\\{closure}()
#36 /home/webastral/Documents/shopify-app/product-customizer/web/vendor/laravel/framework/src/Illuminate/Pipeline/Pipeline.php(167): Illuminate\\Foundation\\Http\\Middleware\\PreventRequestsDuringMaintenance->handle()
#37 /home/webastral/Documents/shopify-app/product-customizer/web/vendor/fruitcake/laravel-cors/src/HandleCors.php(38): Illuminate\\Pipeline\\Pipeline->Illuminate\\Pipeline\\{closure}()
#38 /home/webastral/Documents/shopify-app/product-customizer/web/vendor/laravel/framework/src/Illuminate/Pipeline/Pipeline.php(167): Fruitcake\\Cors\\HandleCors->handle()
#39 /home/webastral/Documents/shopify-app/product-customizer/web/vendor/fideloper/proxy/src/TrustProxies.php(57): Illuminate\\Pipeline\\Pipeline->Illuminate\\Pipeline\\{closure}()
#40 /home/webastral/Documents/shopify-app/product-customizer/web/vendor/laravel/framework/src/Illuminate/Pipeline/Pipeline.php(167): Fideloper\\Proxy\\TrustProxies->handle()
#41 /home/webastral/Documents/shopify-app/product-customizer/web/vendor/laravel/framework/src/Illuminate/Pipeline/Pipeline.php(103): Illuminate\\Pipeline\\Pipeline->Illuminate\\Pipeline\\{closure}()
#42 /home/webastral/Documents/shopify-app/product-customizer/web/vendor/laravel/framework/src/Illuminate/Foundation/Http/Kernel.php(142): Illuminate\\Pipeline\\Pipeline->then()
#43 /home/webastral/Documents/shopify-app/product-customizer/web/vendor/laravel/framework/src/Illuminate/Foundation/Http/Kernel.php(111): Illuminate\\Foundation\\Http\\Kernel->sendRequestThroughRouter()
#44 /home/webastral/Documents/shopify-app/product-customizer/web/public/index.php(51): Illuminate\\Foundation\\Http\\Kernel->handle()
#45 /home/webastral/Documents/shopify-app/product-customizer/web/server.php(21): require_once('...')
#46 {main}
"} 
